  RemoteCall.cpp
e:\code\game\game\2.remotecallinject\2.remotecallinject\remotecall.cpp(12): warning C4311: “类型转换”: 从“LPVOID”到“DWORD”的指针截断
e:\code\game\game\2.remotecallinject\2.remotecallinject\remotecall.cpp(12): warning C4302: “类型转换”: 从“LPVOID”到“DWORD”截断
e:\code\game\game\2.remotecallinject\2.remotecallinject\remotecall.cpp(12): error C2664: “int MessageBoxW(HWND,LPCWSTR,LPCWSTR,UINT)”: 无法将参数 2 从“const char [5]”转换为“LPCWSTR”
  e:\code\game\game\2.remotecallinject\2.remotecallinject\remotecall.cpp(12): note: 与指向的类型无关；转换要求 reinterpret_cast、C 样式转换或函数样式转换
e:\code\game\game\2.remotecallinject\2.remotecallinject\remotecall.cpp(73): warning C4312: “类型转换”: 从“DWORD”转换到更大的“LPTHREAD_START_ROUTINE”
e:\code\game\game\2.remotecallinject\2.remotecallinject\remotecall.cpp(74): warning C4312: “类型转换”: 从“unsigned int”转换到更大的“PVOID”
e:\code\game\game\2.remotecallinject\2.remotecallinject\remotecall.cpp(43): warning C4477: “printf”: 格式字符串“%08X”需要类型“unsigned int”的参数，但可变参数 1 拥有了类型“HANDLE”
e:\code\game\game\2.remotecallinject\2.remotecallinject\remotecall.cpp(43): warning C4313: “printf”: 格式字符串中的“%X”与“HANDLE”类型的参数 1 冲突
  Inject.cpp
e:\code\game\game\2.remotecallinject\2.remotecallinject\inject.cpp(12): warning C4312: “类型转换”: 从“DWORD”转换到更大的“LPDWORD”
e:\code\game\game\2.remotecallinject\2.remotecallinject\inject.cpp(15): error C2664: “BOOL ReadProcessMemory(HANDLE,LPCVOID,LPVOID,SIZE_T,SIZE_T *)”: 无法将参数 5 从“DWORD *”转换为“SIZE_T *”
  e:\code\game\game\2.remotecallinject\2.remotecallinject\inject.cpp(15): note: 与指向的类型无关；转换要求 reinterpret_cast、C 样式转换或函数样式转换
e:\code\game\game\2.remotecallinject\2.remotecallinject\inject.cpp(30): error C2664: “HWND FindWindowW(LPCWSTR,LPCWSTR)”: 无法将参数 1 从“const char [23]”转换为“LPCWSTR”
  e:\code\game\game\2.remotecallinject\2.remotecallinject\inject.cpp(30): note: 与指向的类型无关；转换要求 reinterpret_cast、C 样式转换或函数样式转换
e:\code\game\game\2.remotecallinject\2.remotecallinject\inject.cpp(33): warning C4477: “printf”: 格式字符串“%08X”需要类型“unsigned int”的参数，但可变参数 1 拥有了类型“HWND”
e:\code\game\game\2.remotecallinject\2.remotecallinject\inject.cpp(33): warning C4313: “printf”: 格式字符串中的“%X”与“HWND”类型的参数 1 冲突
e:\code\game\game\2.remotecallinject\2.remotecallinject\inject.cpp(72): warning C4312: “类型转换”: 从“DWORD”转换到更大的“LPDWORD”
e:\code\game\game\2.remotecallinject\2.remotecallinject\inject.cpp(75): error C2664: “BOOL ReadProcessMemory(HANDLE,LPCVOID,LPVOID,SIZE_T,SIZE_T *)”: 无法将参数 5 从“DWORD *”转换为“SIZE_T *”
  e:\code\game\game\2.remotecallinject\2.remotecallinject\inject.cpp(75): note: 与指向的类型无关；转换要求 reinterpret_cast、C 样式转换或函数样式转换
  正在生成代码...
